2020/04/01 08:15:22 [error] [system.db.CDbCommand] CDbCommand::fetchAll() failed: SQLSTATE[42S02]: Base table or view not found: 1146 Table 'customer_ledger_db.cp_customer_feedbacks' doesn't exist. The SQL statement executed was: SHOW FULL COLUMNS FROM `cp_customer_feedbacks`.
in /home/gmxdn5i54ppy/public_html/customer.shree-hari.xyz/protected/controllers/SiteController.php (49)
in /home/gmxdn5i54ppy/public_html/customer.shree-hari.xyz/protected/controllers/SiteController.php (87)
in /home/gmxdn5i54ppy/public_html/customer.shree-hari.xyz/index.php (17)
2020/04/01 08:15:22 [error] [exception.CDbException] exception 'CDbException' with message 'The table "cp_customer_feedbacks" for active record class "Feedback" cannot be found in the database.' in /home/gmxdn5i54ppy/public_html/customer.shree-hari.xyz/yii/framework/db/ar/CActiveRecord.php:2387
Stack trace:
#0 /home/gmxdn5i54ppy/public_html/customer.shree-hari.xyz/yii/framework/db/ar/CActiveRecord.php(411): CActiveRecordMetaData->__construct(Object(Feedback))
#1 /home/gmxdn5i54ppy/public_html/customer.shree-hari.xyz/yii/framework/db/ar/CActiveRecord.php(79): CActiveRecord->getMetaData()
#2 /home/gmxdn5i54ppy/public_html/customer.shree-hari.xyz/protected/controllers/SiteController.php(49): CActiveRecord->__construct()
#3 /home/gmxdn5i54ppy/public_html/customer.shree-hari.xyz/protected/controllers/SiteController.php(87): SiteController->actionFeedback()
#4 /home/gmxdn5i54ppy/public_html/customer.shree-hari.xyz/yii/framework/web/actions/CInlineAction.php(49): SiteController->actionIndex()
#5 /home/gmxdn5i54ppy/public_html/customer.shree-hari.xyz/yii/framework/web/CController.php(308): CInlineAction->runWithParams(Array)
#6 /home/gmxdn5i54ppy/public_html/customer.shree-hari.xyz/yii/framework/web/CController.php(286): CController->runAction(Object(CInlineAction))
#7 /home/gmxdn5i54ppy/public_html/customer.shree-hari.xyz/yii/framework/web/CController.php(265): CController->runActionWithFilters(Object(CInlineAction), Array)
#8 /home/gmxdn5i54ppy/public_html/customer.shree-hari.xyz/yii/framework/web/CWebApplication.php(282): CController->run('')
#9 /home/gmxdn5i54ppy/public_html/customer.shree-hari.xyz/yii/framework/web/CWebApplication.php(141): CWebApplication->runController('')
#10 /home/gmxdn5i54ppy/public_html/customer.shree-hari.xyz/yii/framework/base/CApplication.php(185): CWebApplication->processRequest()
#11 /home/gmxdn5i54ppy/public_html/customer.shree-hari.xyz/index.php(17): CApplication->run()
#12 {main}
REQUEST_URI=/
---
2020/04/01 08:15:23 [error] [exception.CHttpException.404] exception 'CHttpException' with message 'Unable to resolve the request "favicon.ico".' in /home/gmxdn5i54ppy/public_html/customer.shree-hari.xyz/yii/framework/web/CWebApplication.php:286
Stack trace:
#0 /home/gmxdn5i54ppy/public_html/customer.shree-hari.xyz/yii/framework/web/CWebApplication.php(141): CWebApplication->runController('favicon.ico')
#1 /home/gmxdn5i54ppy/public_html/customer.shree-hari.xyz/yii/framework/base/CApplication.php(185): CWebApplication->processRequest()
#2 /home/gmxdn5i54ppy/public_html/customer.shree-hari.xyz/index.php(17): CApplication->run()
#3 {main}
REQUEST_URI=/favicon.ico
HTTP_REFERER=http://customer.shree-hari.xyz/
---
2020/04/04 08:00:40 [error] [exception.CHttpException.404] exception 'CHttpException' with message 'Unable to resolve the request "favicon.ico".' in /home/gmxdn5i54ppy/public_html/customer.shree-hari.xyz/yii/framework/web/CWebApplication.php:286
Stack trace:
#0 /home/gmxdn5i54ppy/public_html/customer.shree-hari.xyz/yii/framework/web/CWebApplication.php(141): CWebApplication->runController('favicon.ico')
#1 /home/gmxdn5i54ppy/public_html/customer.shree-hari.xyz/yii/framework/base/CApplication.php(185): CWebApplication->processRequest()
#2 /home/gmxdn5i54ppy/public_html/customer.shree-hari.xyz/index.php(17): CApplication->run()
#3 {main}
REQUEST_URI=/favicon.ico
HTTP_REFERER=http://customer.shree-hari.xyz/
---
2023/01/17 12:38:59 [error] [exception.CHttpException.404] exception 'CHttpException' with message 'Unable to resolve the request "robots.txt".' in /home/gmxdn5i54ppy/public_html/customer.shree-hari.xyz/yii/framework/web/CWebApplication.php:286
Stack trace:
#0 /home/gmxdn5i54ppy/public_html/customer.shree-hari.xyz/yii/framework/web/CWebApplication.php(141): CWebApplication->runController('robots.txt')
#1 /home/gmxdn5i54ppy/public_html/customer.shree-hari.xyz/yii/framework/base/CApplication.php(185): CWebApplication->processRequest()
#2 /home/gmxdn5i54ppy/public_html/customer.shree-hari.xyz/index.php(17): CApplication->run()
#3 {main}
REQUEST_URI=/robots.txt
---
2023/06/24 04:11:53 [error] [exception.CHttpException.404] exception 'CHttpException' with message 'Unable to resolve the request "robots.txt".' in /home/gmxdn5i54ppy/public_html/customer.shree-hari.xyz/yii/framework/web/CWebApplication.php:286
Stack trace:
#0 /home/gmxdn5i54ppy/public_html/customer.shree-hari.xyz/yii/framework/web/CWebApplication.php(141): CWebApplication->runController('robots.txt')
#1 /home/gmxdn5i54ppy/public_html/customer.shree-hari.xyz/yii/framework/base/CApplication.php(185): CWebApplication->processRequest()
#2 /home/gmxdn5i54ppy/public_html/customer.shree-hari.xyz/index.php(17): CApplication->run()
#3 {main}
REQUEST_URI=/robots.txt
---
2023/07/01 10:10:50 [error] [exception.CHttpException.404] exception 'CHttpException' with message 'Unable to resolve the request "robots.txt".' in /home/gmxdn5i54ppy/public_html/customer.shree-hari.xyz/yii/framework/web/CWebApplication.php:286
Stack trace:
#0 /home/gmxdn5i54ppy/public_html/customer.shree-hari.xyz/yii/framework/web/CWebApplication.php(141): CWebApplication->runController('robots.txt')
#1 /home/gmxdn5i54ppy/public_html/customer.shree-hari.xyz/yii/framework/base/CApplication.php(185): CWebApplication->processRequest()
#2 /home/gmxdn5i54ppy/public_html/customer.shree-hari.xyz/index.php(17): CApplication->run()
#3 {main}
REQUEST_URI=/robots.txt
---
2023/07/12 04:38:48 [error] [exception.CHttpException.404] exception 'CHttpException' with message 'Unable to resolve the request "robots.txt".' in /home/gmxdn5i54ppy/public_html/customer.shree-hari.xyz/yii/framework/web/CWebApplication.php:286
Stack trace:
#0 /home/gmxdn5i54ppy/public_html/customer.shree-hari.xyz/yii/framework/web/CWebApplication.php(141): CWebApplication->runController('robots.txt')
#1 /home/gmxdn5i54ppy/public_html/customer.shree-hari.xyz/yii/framework/base/CApplication.php(185): CWebApplication->processRequest()
#2 /home/gmxdn5i54ppy/public_html/customer.shree-hari.xyz/index.php(17): CApplication->run()
#3 {main}
REQUEST_URI=/robots.txt
---
2023/07/12 16:30:32 [error] [exception.CHttpException.404] exception 'CHttpException' with message 'Unable to resolve the request "robots.txt".' in /home/gmxdn5i54ppy/public_html/customer.shree-hari.xyz/yii/framework/web/CWebApplication.php:286
Stack trace:
#0 /home/gmxdn5i54ppy/public_html/customer.shree-hari.xyz/yii/framework/web/CWebApplication.php(141): CWebApplication->runController('robots.txt')
#1 /home/gmxdn5i54ppy/public_html/customer.shree-hari.xyz/yii/framework/base/CApplication.php(185): CWebApplication->processRequest()
#2 /home/gmxdn5i54ppy/public_html/customer.shree-hari.xyz/index.php(17): CApplication->run()
#3 {main}
REQUEST_URI=/robots.txt
---
2023/08/02 11:07:42 [error] [exception.CHttpException.404] exception 'CHttpException' with message 'Unable to resolve the request "robots.txt".' in /home/gmxdn5i54ppy/public_html/customer.shree-hari.xyz/yii/framework/web/CWebApplication.php:286
Stack trace:
#0 /home/gmxdn5i54ppy/public_html/customer.shree-hari.xyz/yii/framework/web/CWebApplication.php(141): CWebApplication->runController('robots.txt')
#1 /home/gmxdn5i54ppy/public_html/customer.shree-hari.xyz/yii/framework/base/CApplication.php(185): CWebApplication->processRequest()
#2 /home/gmxdn5i54ppy/public_html/customer.shree-hari.xyz/index.php(17): CApplication->run()
#3 {main}
REQUEST_URI=/robots.txt
---
2023/08/04 05:08:50 [error] [exception.CHttpException.404] exception 'CHttpException' with message 'Unable to resolve the request "robots.txt".' in /home/gmxdn5i54ppy/public_html/customer.shree-hari.xyz/yii/framework/web/CWebApplication.php:286
Stack trace:
#0 /home/gmxdn5i54ppy/public_html/customer.shree-hari.xyz/yii/framework/web/CWebApplication.php(141): CWebApplication->runController('robots.txt')
#1 /home/gmxdn5i54ppy/public_html/customer.shree-hari.xyz/yii/framework/base/CApplication.php(185): CWebApplication->processRequest()
#2 /home/gmxdn5i54ppy/public_html/customer.shree-hari.xyz/index.php(17): CApplication->run()
#3 {main}
REQUEST_URI=/robots.txt
---
2023/08/08 11:24:36 [error] [exception.CHttpException.404] exception 'CHttpException' with message 'Unable to resolve the request "robots.txt".' in /home/gmxdn5i54ppy/public_html/customer.shree-hari.xyz/yii/framework/web/CWebApplication.php:286
Stack trace:
#0 /home/gmxdn5i54ppy/public_html/customer.shree-hari.xyz/yii/framework/web/CWebApplication.php(141): CWebApplication->runController('robots.txt')
#1 /home/gmxdn5i54ppy/public_html/customer.shree-hari.xyz/yii/framework/base/CApplication.php(185): CWebApplication->processRequest()
#2 /home/gmxdn5i54ppy/public_html/customer.shree-hari.xyz/index.php(17): CApplication->run()
#3 {main}
REQUEST_URI=/robots.txt
---
2023/08/19 09:55:49 [error] [exception.CHttpException.404] exception 'CHttpException' with message 'Unable to resolve the request "robots.txt".' in /home/gmxdn5i54ppy/public_html/customer.shree-hari.xyz/yii/framework/web/CWebApplication.php:286
Stack trace:
#0 /home/gmxdn5i54ppy/public_html/customer.shree-hari.xyz/yii/framework/web/CWebApplication.php(141): CWebApplication->runController('robots.txt')
#1 /home/gmxdn5i54ppy/public_html/customer.shree-hari.xyz/yii/framework/base/CApplication.php(185): CWebApplication->processRequest()
#2 /home/gmxdn5i54ppy/public_html/customer.shree-hari.xyz/index.php(17): CApplication->run()
#3 {main}
REQUEST_URI=/robots.txt
---
2023/08/23 08:54:54 [error] [exception.CHttpException.404] exception 'CHttpException' with message 'Unable to resolve the request "robots.txt".' in /home/gmxdn5i54ppy/public_html/customer.shree-hari.xyz/yii/framework/web/CWebApplication.php:286
Stack trace:
#0 /home/gmxdn5i54ppy/public_html/customer.shree-hari.xyz/yii/framework/web/CWebApplication.php(141): CWebApplication->runController('robots.txt')
#1 /home/gmxdn5i54ppy/public_html/customer.shree-hari.xyz/yii/framework/base/CApplication.php(185): CWebApplication->processRequest()
#2 /home/gmxdn5i54ppy/public_html/customer.shree-hari.xyz/index.php(17): CApplication->run()
#3 {main}
REQUEST_URI=/robots.txt
---
2023/09/24 10:39:06 [error] [exception.CHttpException.404] exception 'CHttpException' with message 'Unable to resolve the request "robots.txt".' in /home/gmxdn5i54ppy/public_html/customer.shree-hari.xyz/yii/framework/web/CWebApplication.php:286
Stack trace:
#0 /home/gmxdn5i54ppy/public_html/customer.shree-hari.xyz/yii/framework/web/CWebApplication.php(141): CWebApplication->runController('robots.txt')
#1 /home/gmxdn5i54ppy/public_html/customer.shree-hari.xyz/yii/framework/base/CApplication.php(185): CWebApplication->processRequest()
#2 /home/gmxdn5i54ppy/public_html/customer.shree-hari.xyz/index.php(17): CApplication->run()
#3 {main}
REQUEST_URI=/robots.txt
---
2023/09/29 10:42:03 [error] [exception.CHttpException.404] exception 'CHttpException' with message 'Unable to resolve the request "robots.txt".' in /home/gmxdn5i54ppy/public_html/customer.shree-hari.xyz/yii/framework/web/CWebApplication.php:286
Stack trace:
#0 /home/gmxdn5i54ppy/public_html/customer.shree-hari.xyz/yii/framework/web/CWebApplication.php(141): CWebApplication->runController('robots.txt')
#1 /home/gmxdn5i54ppy/public_html/customer.shree-hari.xyz/yii/framework/base/CApplication.php(185): CWebApplication->processRequest()
#2 /home/gmxdn5i54ppy/public_html/customer.shree-hari.xyz/index.php(17): CApplication->run()
#3 {main}
REQUEST_URI=/robots.txt
---
2023/11/13 03:59:20 [error] [exception.CHttpException.404] exception 'CHttpException' with message 'Unable to resolve the request "robots.txt".' in /home/gmxdn5i54ppy/public_html/customer.shree-hari.xyz/yii/framework/web/CWebApplication.php:286
Stack trace:
#0 /home/gmxdn5i54ppy/public_html/customer.shree-hari.xyz/yii/framework/web/CWebApplication.php(141): CWebApplication->runController('robots.txt')
#1 /home/gmxdn5i54ppy/public_html/customer.shree-hari.xyz/yii/framework/base/CApplication.php(185): CWebApplication->processRequest()
#2 /home/gmxdn5i54ppy/public_html/customer.shree-hari.xyz/index.php(17): CApplication->run()
#3 {main}
REQUEST_URI=/robots.txt
---
2023/11/18 01:37:20 [error] [exception.CHttpException.404] exception 'CHttpException' with message 'Unable to resolve the request "robots.txt".' in /home/gmxdn5i54ppy/public_html/customer.shree-hari.xyz/yii/framework/web/CWebApplication.php:286
Stack trace:
#0 /home/gmxdn5i54ppy/public_html/customer.shree-hari.xyz/yii/framework/web/CWebApplication.php(141): CWebApplication->runController('robots.txt')
#1 /home/gmxdn5i54ppy/public_html/customer.shree-hari.xyz/yii/framework/base/CApplication.php(185): CWebApplication->processRequest()
#2 /home/gmxdn5i54ppy/public_html/customer.shree-hari.xyz/index.php(17): CApplication->run()
#3 {main}
REQUEST_URI=/robots.txt
---
2024/01/07 02:10:07 [error] [exception.CHttpException.404] exception 'CHttpException' with message 'Unable to resolve the request "robots.txt".' in /home/gmxdn5i54ppy/public_html/customer.shree-hari.xyz/yii/framework/web/CWebApplication.php:286
Stack trace:
#0 /home/gmxdn5i54ppy/public_html/customer.shree-hari.xyz/yii/framework/web/CWebApplication.php(141): CWebApplication->runController('robots.txt')
#1 /home/gmxdn5i54ppy/public_html/customer.shree-hari.xyz/yii/framework/base/CApplication.php(185): CWebApplication->processRequest()
#2 /home/gmxdn5i54ppy/public_html/customer.shree-hari.xyz/index.php(17): CApplication->run()
#3 {main}
REQUEST_URI=/robots.txt
---
2024/01/27 12:55:49 [error] [exception.CHttpException.404] exception 'CHttpException' with message 'Unable to resolve the request "robots.txt".' in /home/gmxdn5i54ppy/public_html/customer.shree-hari.xyz/yii/framework/web/CWebApplication.php:286
Stack trace:
#0 /home/gmxdn5i54ppy/public_html/customer.shree-hari.xyz/yii/framework/web/CWebApplication.php(141): CWebApplication->runController('robots.txt')
#1 /home/gmxdn5i54ppy/public_html/customer.shree-hari.xyz/yii/framework/base/CApplication.php(185): CWebApplication->processRequest()
#2 /home/gmxdn5i54ppy/public_html/customer.shree-hari.xyz/index.php(17): CApplication->run()
#3 {main}
REQUEST_URI=/robots.txt
---
2024/02/03 10:03:23 [error] [exception.CHttpException.404] exception 'CHttpException' with message 'Unable to resolve the request "enhancecp".' in /home/gmxdn5i54ppy/public_html/customer.shree-hari.xyz/yii/framework/web/CWebApplication.php:286
Stack trace:
#0 /home/gmxdn5i54ppy/public_html/customer.shree-hari.xyz/yii/framework/web/CWebApplication.php(141): CWebApplication->runController('enhancecp')
#1 /home/gmxdn5i54ppy/public_html/customer.shree-hari.xyz/yii/framework/base/CApplication.php(185): CWebApplication->processRequest()
#2 /home/gmxdn5i54ppy/public_html/customer.shree-hari.xyz/index.php(17): CApplication->run()
#3 {main}
REQUEST_URI=/enhancecp
---
2024/02/23 05:48:23 [error] [exception.CHttpException.404] exception 'CHttpException' with message 'Unable to resolve the request "robots.txt".' in /home/gmxdn5i54ppy/public_html/customer.shree-hari.xyz/yii/framework/web/CWebApplication.php:286
Stack trace:
#0 /home/gmxdn5i54ppy/public_html/customer.shree-hari.xyz/yii/framework/web/CWebApplication.php(141): CWebApplication->runController('robots.txt')
#1 /home/gmxdn5i54ppy/public_html/customer.shree-hari.xyz/yii/framework/base/CApplication.php(185): CWebApplication->processRequest()
#2 /home/gmxdn5i54ppy/public_html/customer.shree-hari.xyz/index.php(17): CApplication->run()
#3 {main}
REQUEST_URI=/robots.txt
---
2024/03/14 06:40:26 [error] [exception.CHttpException.404] exception 'CHttpException' with message 'Unable to resolve the request "robots.txt".' in /home/gmxdn5i54ppy/public_html/customer.shree-hari.xyz/yii/framework/web/CWebApplication.php:286
Stack trace:
#0 /home/gmxdn5i54ppy/public_html/customer.shree-hari.xyz/yii/framework/web/CWebApplication.php(141): CWebApplication->runController('robots.txt')
#1 /home/gmxdn5i54ppy/public_html/customer.shree-hari.xyz/yii/framework/base/CApplication.php(185): CWebApplication->processRequest()
#2 /home/gmxdn5i54ppy/public_html/customer.shree-hari.xyz/index.php(17): CApplication->run()
#3 {main}
REQUEST_URI=/robots.txt
---
2024/04/09 23:10:36 [error] [exception.CHttpException.404] exception 'CHttpException' with message 'Unable to resolve the request "robots.txt".' in /home/gmxdn5i54ppy/public_html/customer.shree-hari.xyz/yii/framework/web/CWebApplication.php:286
Stack trace:
#0 /home/gmxdn5i54ppy/public_html/customer.shree-hari.xyz/yii/framework/web/CWebApplication.php(141): CWebApplication->runController('robots.txt')
#1 /home/gmxdn5i54ppy/public_html/customer.shree-hari.xyz/yii/framework/base/CApplication.php(185): CWebApplication->processRequest()
#2 /home/gmxdn5i54ppy/public_html/customer.shree-hari.xyz/index.php(17): CApplication->run()
#3 {main}
REQUEST_URI=/robots.txt
---
2024/04/14 04:41:57 [error] [exception.CHttpException.404] exception 'CHttpException' with message 'Unable to resolve the request "robots.txt".' in /home/gmxdn5i54ppy/public_html/customer.shree-hari.xyz/yii/framework/web/CWebApplication.php:286
Stack trace:
#0 /home/gmxdn5i54ppy/public_html/customer.shree-hari.xyz/yii/framework/web/CWebApplication.php(141): CWebApplication->runController('robots.txt')
#1 /home/gmxdn5i54ppy/public_html/customer.shree-hari.xyz/yii/framework/base/CApplication.php(185): CWebApplication->processRequest()
#2 /home/gmxdn5i54ppy/public_html/customer.shree-hari.xyz/index.php(17): CApplication->run()
#3 {main}
REQUEST_URI=/robots.txt
---
2024/05/10 23:59:56 [error] [exception.CHttpException.404] exception 'CHttpException' with message 'Unable to resolve the request "robots.txt".' in /home/gmxdn5i54ppy/public_html/customer.shree-hari.xyz/yii/framework/web/CWebApplication.php:286
Stack trace:
#0 /home/gmxdn5i54ppy/public_html/customer.shree-hari.xyz/yii/framework/web/CWebApplication.php(141): CWebApplication->runController('robots.txt')
#1 /home/gmxdn5i54ppy/public_html/customer.shree-hari.xyz/yii/framework/base/CApplication.php(185): CWebApplication->processRequest()
#2 /home/gmxdn5i54ppy/public_html/customer.shree-hari.xyz/index.php(17): CApplication->run()
#3 {main}
REQUEST_URI=/robots.txt
---
2024/05/23 06:03:39 [error] [exception.CHttpException.404] exception 'CHttpException' with message 'Unable to resolve the request "robots.txt".' in /home/gmxdn5i54ppy/public_html/customer.shree-hari.xyz/yii/framework/web/CWebApplication.php:286
Stack trace:
#0 /home/gmxdn5i54ppy/public_html/customer.shree-hari.xyz/yii/framework/web/CWebApplication.php(141): CWebApplication->runController('robots.txt')
#1 /home/gmxdn5i54ppy/public_html/customer.shree-hari.xyz/yii/framework/base/CApplication.php(185): CWebApplication->processRequest()
#2 /home/gmxdn5i54ppy/public_html/customer.shree-hari.xyz/index.php(17): CApplication->run()
#3 {main}
REQUEST_URI=/robots.txt
---
2024/05/23 06:03:39 [error] [exception.CHttpException.404] exception 'CHttpException' with message 'Unable to resolve the request "enhance".' in /home/gmxdn5i54ppy/public_html/customer.shree-hari.xyz/yii/framework/web/CWebApplication.php:286
Stack trace:
#0 /home/gmxdn5i54ppy/public_html/customer.shree-hari.xyz/yii/framework/web/CWebApplication.php(141): CWebApplication->runController('enhance')
#1 /home/gmxdn5i54ppy/public_html/customer.shree-hari.xyz/yii/framework/base/CApplication.php(185): CWebApplication->processRequest()
#2 /home/gmxdn5i54ppy/public_html/customer.shree-hari.xyz/index.php(17): CApplication->run()
#3 {main}
REQUEST_URI=/enhance
---
2024/06/12 23:38:09 [error] [exception.CHttpException.404] exception 'CHttpException' with message 'Unable to resolve the request "robots.txt".' in /home/gmxdn5i54ppy/public_html/customer.shree-hari.xyz/yii/framework/web/CWebApplication.php:286
Stack trace:
#0 /home/gmxdn5i54ppy/public_html/customer.shree-hari.xyz/yii/framework/web/CWebApplication.php(141): CWebApplication->runController('robots.txt')
#1 /home/gmxdn5i54ppy/public_html/customer.shree-hari.xyz/yii/framework/base/CApplication.php(185): CWebApplication->processRequest()
#2 /home/gmxdn5i54ppy/public_html/customer.shree-hari.xyz/index.php(17): CApplication->run()
#3 {main}
REQUEST_URI=/robots.txt
---
2024/07/15 15:22:20 [error] [exception.CHttpException.404] exception 'CHttpException' with message 'Unable to resolve the request "robots.txt".' in /home/gmxdn5i54ppy/public_html/customer.shree-hari.xyz/yii/framework/web/CWebApplication.php:286
Stack trace:
#0 /home/gmxdn5i54ppy/public_html/customer.shree-hari.xyz/yii/framework/web/CWebApplication.php(141): CWebApplication->runController('robots.txt')
#1 /home/gmxdn5i54ppy/public_html/customer.shree-hari.xyz/yii/framework/base/CApplication.php(185): CWebApplication->processRequest()
#2 /home/gmxdn5i54ppy/public_html/customer.shree-hari.xyz/index.php(17): CApplication->run()
#3 {main}
REQUEST_URI=/robots.txt
---
2024/08/06 17:46:21 [error] [exception.CHttpException.404] exception 'CHttpException' with message 'Unable to resolve the request "robots.txt".' in /home/gmxdn5i54ppy/public_html/customer.shree-hari.xyz/yii/framework/web/CWebApplication.php:286
Stack trace:
#0 /home/gmxdn5i54ppy/public_html/customer.shree-hari.xyz/yii/framework/web/CWebApplication.php(141): CWebApplication->runController('robots.txt')
#1 /home/gmxdn5i54ppy/public_html/customer.shree-hari.xyz/yii/framework/base/CApplication.php(185): CWebApplication->processRequest()
#2 /home/gmxdn5i54ppy/public_html/customer.shree-hari.xyz/index.php(17): CApplication->run()
#3 {main}
REQUEST_URI=/robots.txt
---
2024/08/06 17:46:21 [error] [exception.CHttpException.404] exception 'CHttpException' with message 'Unable to resolve the request "enhancecp".' in /home/gmxdn5i54ppy/public_html/customer.shree-hari.xyz/yii/framework/web/CWebApplication.php:286
Stack trace:
#0 /home/gmxdn5i54ppy/public_html/customer.shree-hari.xyz/yii/framework/web/CWebApplication.php(141): CWebApplication->runController('enhancecp')
#1 /home/gmxdn5i54ppy/public_html/customer.shree-hari.xyz/yii/framework/base/CApplication.php(185): CWebApplication->processRequest()
#2 /home/gmxdn5i54ppy/public_html/customer.shree-hari.xyz/index.php(17): CApplication->run()
#3 {main}
REQUEST_URI=/enhancecp
---
2024/08/19 21:12:31 [error] [exception.CHttpException.404] exception 'CHttpException' with message 'Unable to resolve the request "robots.txt".' in /home/gmxdn5i54ppy/public_html/customer.shree-hari.xyz/yii/framework/web/CWebApplication.php:286
Stack trace:
#0 /home/gmxdn5i54ppy/public_html/customer.shree-hari.xyz/yii/framework/web/CWebApplication.php(141): CWebApplication->runController('robots.txt')
#1 /home/gmxdn5i54ppy/public_html/customer.shree-hari.xyz/yii/framework/base/CApplication.php(185): CWebApplication->processRequest()
#2 /home/gmxdn5i54ppy/public_html/customer.shree-hari.xyz/index.php(17): CApplication->run()
#3 {main}
REQUEST_URI=/robots.txt
---
2024/08/20 17:47:48 [error] [exception.CHttpException.404] exception 'CHttpException' with message 'Unable to resolve the request "robots.txt".' in /home/gmxdn5i54ppy/public_html/customer.shree-hari.xyz/yii/framework/web/CWebApplication.php:286
Stack trace:
#0 /home/gmxdn5i54ppy/public_html/customer.shree-hari.xyz/yii/framework/web/CWebApplication.php(141): CWebApplication->runController('robots.txt')
#1 /home/gmxdn5i54ppy/public_html/customer.shree-hari.xyz/yii/framework/base/CApplication.php(185): CWebApplication->processRequest()
#2 /home/gmxdn5i54ppy/public_html/customer.shree-hari.xyz/index.php(17): CApplication->run()
#3 {main}
REQUEST_URI=/robots.txt
---
2024/09/11 17:41:46 [error] [exception.CHttpException.404] exception 'CHttpException' with message 'Unable to resolve the request "robots.txt".' in /home/gmxdn5i54ppy/public_html/customer.shree-hari.xyz/yii/framework/web/CWebApplication.php:286
Stack trace:
#0 /home/gmxdn5i54ppy/public_html/customer.shree-hari.xyz/yii/framework/web/CWebApplication.php(141): CWebApplication->runController('robots.txt')
#1 /home/gmxdn5i54ppy/public_html/customer.shree-hari.xyz/yii/framework/base/CApplication.php(185): CWebApplication->processRequest()
#2 /home/gmxdn5i54ppy/public_html/customer.shree-hari.xyz/index.php(17): CApplication->run()
#3 {main}
REQUEST_URI=/robots.txt
---
2024/10/07 15:08:25 [error] [exception.CHttpException.404] exception 'CHttpException' with message 'Unable to resolve the request "robots.txt".' in /home/gmxdn5i54ppy/public_html/customer.shree-hari.xyz/yii/framework/web/CWebApplication.php:286
Stack trace:
#0 /home/gmxdn5i54ppy/public_html/customer.shree-hari.xyz/yii/framework/web/CWebApplication.php(141): CWebApplication->runController('robots.txt')
#1 /home/gmxdn5i54ppy/public_html/customer.shree-hari.xyz/yii/framework/base/CApplication.php(185): CWebApplication->processRequest()
#2 /home/gmxdn5i54ppy/public_html/customer.shree-hari.xyz/index.php(17): CApplication->run()
#3 {main}
REQUEST_URI=/robots.txt
---
2024/11/12 18:32:18 [error] [exception.CHttpException.404] exception 'CHttpException' with message 'Unable to resolve the request "robots.txt".' in /home/gmxdn5i54ppy/public_html/customer.shree-hari.xyz/yii/framework/web/CWebApplication.php:286
Stack trace:
#0 /home/gmxdn5i54ppy/public_html/customer.shree-hari.xyz/yii/framework/web/CWebApplication.php(141): CWebApplication->runController('robots.txt')
#1 /home/gmxdn5i54ppy/public_html/customer.shree-hari.xyz/yii/framework/base/CApplication.php(185): CWebApplication->processRequest()
#2 /home/gmxdn5i54ppy/public_html/customer.shree-hari.xyz/index.php(17): CApplication->run()
#3 {main}
REQUEST_URI=/robots.txt
---
2024/12/11 15:56:55 [error] [exception.CHttpException.404] exception 'CHttpException' with message 'Unable to resolve the request "robots.txt".' in /home/gmxdn5i54ppy/public_html/customer.shree-hari.xyz/yii/framework/web/CWebApplication.php:286
Stack trace:
#0 /home/gmxdn5i54ppy/public_html/customer.shree-hari.xyz/yii/framework/web/CWebApplication.php(141): CWebApplication->runController('robots.txt')
#1 /home/gmxdn5i54ppy/public_html/customer.shree-hari.xyz/yii/framework/base/CApplication.php(185): CWebApplication->processRequest()
#2 /home/gmxdn5i54ppy/public_html/customer.shree-hari.xyz/index.php(17): CApplication->run()
#3 {main}
REQUEST_URI=/robots.txt
---
2025/01/14 16:39:20 [error] [exception.CHttpException.404] exception 'CHttpException' with message 'Unable to resolve the request "robots.txt".' in /home/gmxdn5i54ppy/public_html/customer.shree-hari.xyz/yii/framework/web/CWebApplication.php:286
Stack trace:
#0 /home/gmxdn5i54ppy/public_html/customer.shree-hari.xyz/yii/framework/web/CWebApplication.php(141): CWebApplication->runController('robots.txt')
#1 /home/gmxdn5i54ppy/public_html/customer.shree-hari.xyz/yii/framework/base/CApplication.php(185): CWebApplication->processRequest()
#2 /home/gmxdn5i54ppy/public_html/customer.shree-hari.xyz/index.php(17): CApplication->run()
#3 {main}
REQUEST_URI=/robots.txt
---
2025/02/11 13:37:01 [error] [exception.CHttpException.404] exception 'CHttpException' with message 'Unable to resolve the request "robots.txt".' in /home/gmxdn5i54ppy/public_html/customer.shree-hari.xyz/yii/framework/web/CWebApplication.php:286
Stack trace:
#0 /home/gmxdn5i54ppy/public_html/customer.shree-hari.xyz/yii/framework/web/CWebApplication.php(141): CWebApplication->runController('robots.txt')
#1 /home/gmxdn5i54ppy/public_html/customer.shree-hari.xyz/yii/framework/base/CApplication.php(185): CWebApplication->processRequest()
#2 /home/gmxdn5i54ppy/public_html/customer.shree-hari.xyz/index.php(17): CApplication->run()
#3 {main}
REQUEST_URI=/robots.txt
---
2025/03/13 13:43:21 [error] [exception.CHttpException.404] exception 'CHttpException' with message 'Unable to resolve the request "robots.txt".' in /home/gmxdn5i54ppy/public_html/customer.shree-hari.xyz/yii/framework/web/CWebApplication.php:286
Stack trace:
#0 /home/gmxdn5i54ppy/public_html/customer.shree-hari.xyz/yii/framework/web/CWebApplication.php(141): CWebApplication->runController('robots.txt')
#1 /home/gmxdn5i54ppy/public_html/customer.shree-hari.xyz/yii/framework/base/CApplication.php(185): CWebApplication->processRequest()
#2 /home/gmxdn5i54ppy/public_html/customer.shree-hari.xyz/index.php(17): CApplication->run()
#3 {main}
REQUEST_URI=/robots.txt
---
2025/04/07 13:03:14 [error] [exception.CHttpException.404] exception 'CHttpException' with message 'Unable to resolve the request "robots.txt".' in /home/gmxdn5i54ppy/public_html/customer.shree-hari.xyz/yii/framework/web/CWebApplication.php:286
Stack trace:
#0 /home/gmxdn5i54ppy/public_html/customer.shree-hari.xyz/yii/framework/web/CWebApplication.php(141): CWebApplication->runController('robots.txt')
#1 /home/gmxdn5i54ppy/public_html/customer.shree-hari.xyz/yii/framework/base/CApplication.php(185): CWebApplication->processRequest()
#2 /home/gmxdn5i54ppy/public_html/customer.shree-hari.xyz/index.php(17): CApplication->run()
#3 {main}
REQUEST_URI=/robots.txt
---
2025/05/12 10:32:00 [error] [exception.CHttpException.404] exception 'CHttpException' with message 'Unable to resolve the request "robots.txt".' in /home/gmxdn5i54ppy/public_html/customer.shree-hari.xyz/yii/framework/web/CWebApplication.php:286
Stack trace:
#0 /home/gmxdn5i54ppy/public_html/customer.shree-hari.xyz/yii/framework/web/CWebApplication.php(141): CWebApplication->runController('robots.txt')
#1 /home/gmxdn5i54ppy/public_html/customer.shree-hari.xyz/yii/framework/base/CApplication.php(185): CWebApplication->processRequest()
#2 /home/gmxdn5i54ppy/public_html/customer.shree-hari.xyz/index.php(17): CApplication->run()
#3 {main}
REQUEST_URI=/robots.txt
---
2025/06/10 17:39:44 [error] [exception.CHttpException.404] exception 'CHttpException' with message 'Unable to resolve the request "robots.txt".' in /home/gmxdn5i54ppy/public_html/customer.shree-hari.xyz/yii/framework/web/CWebApplication.php:286
Stack trace:
#0 /home/gmxdn5i54ppy/public_html/customer.shree-hari.xyz/yii/framework/web/CWebApplication.php(141): CWebApplication->runController('robots.txt')
#1 /home/gmxdn5i54ppy/public_html/customer.shree-hari.xyz/yii/framework/base/CApplication.php(185): CWebApplication->processRequest()
#2 /home/gmxdn5i54ppy/public_html/customer.shree-hari.xyz/index.php(17): CApplication->run()
#3 {main}
REQUEST_URI=/robots.txt
---
2025/07/07 13:57:58 [error] [exception.CHttpException.404] exception 'CHttpException' with message 'Unable to resolve the request "robots.txt".' in /home/gmxdn5i54ppy/public_html/customer.shree-hari.xyz/yii/framework/web/CWebApplication.php:286
Stack trace:
#0 /home/gmxdn5i54ppy/public_html/customer.shree-hari.xyz/yii/framework/web/CWebApplication.php(141): CWebApplication->runController('robots.txt')
#1 /home/gmxdn5i54ppy/public_html/customer.shree-hari.xyz/yii/framework/base/CApplication.php(185): CWebApplication->processRequest()
#2 /home/gmxdn5i54ppy/public_html/customer.shree-hari.xyz/index.php(17): CApplication->run()
#3 {main}
REQUEST_URI=/robots.txt
---
2025/08/11 11:49:03 [error] [exception.CHttpException.404] exception 'CHttpException' with message 'Unable to resolve the request "robots.txt".' in /home/gmxdn5i54ppy/public_html/customer.shree-hari.xyz/yii/framework/web/CWebApplication.php:286
Stack trace:
#0 /home/gmxdn5i54ppy/public_html/customer.shree-hari.xyz/yii/framework/web/CWebApplication.php(141): CWebApplication->runController('robots.txt')
#1 /home/gmxdn5i54ppy/public_html/customer.shree-hari.xyz/yii/framework/base/CApplication.php(185): CWebApplication->processRequest()
#2 /home/gmxdn5i54ppy/public_html/customer.shree-hari.xyz/index.php(17): CApplication->run()
#3 {main}
REQUEST_URI=/robots.txt
---
2025/09/08 13:10:44 [error] [exception.CHttpException.404] exception 'CHttpException' with message 'Unable to resolve the request "robots.txt".' in /home/gmxdn5i54ppy/public_html/customer.shree-hari.xyz/yii/framework/web/CWebApplication.php:286
Stack trace:
#0 /home/gmxdn5i54ppy/public_html/customer.shree-hari.xyz/yii/framework/web/CWebApplication.php(141): CWebApplication->runController('robots.txt')
#1 /home/gmxdn5i54ppy/public_html/customer.shree-hari.xyz/yii/framework/base/CApplication.php(185): CWebApplication->processRequest()
#2 /home/gmxdn5i54ppy/public_html/customer.shree-hari.xyz/index.php(17): CApplication->run()
#3 {main}
REQUEST_URI=/robots.txt
---
2025/10/13 20:46:52 [error] [exception.CHttpException.404] exception 'CHttpException' with message 'Unable to resolve the request "robots.txt".' in /home/gmxdn5i54ppy/public_html/customer.shree-hari.xyz/yii/framework/web/CWebApplication.php:286
Stack trace:
#0 /home/gmxdn5i54ppy/public_html/customer.shree-hari.xyz/yii/framework/web/CWebApplication.php(141): CWebApplication->runController('robots.txt')
#1 /home/gmxdn5i54ppy/public_html/customer.shree-hari.xyz/yii/framework/base/CApplication.php(185): CWebApplication->processRequest()
#2 /home/gmxdn5i54ppy/public_html/customer.shree-hari.xyz/index.php(17): CApplication->run()
#3 {main}
REQUEST_URI=/robots.txt
---
2025/11/10 14:59:55 [error] [exception.CHttpException.404] exception 'CHttpException' with message 'Unable to resolve the request "robots.txt".' in /home/gmxdn5i54ppy/public_html/customer.shree-hari.xyz/yii/framework/web/CWebApplication.php:286
Stack trace:
#0 /home/gmxdn5i54ppy/public_html/customer.shree-hari.xyz/yii/framework/web/CWebApplication.php(141): CWebApplication->runController('robots.txt')
#1 /home/gmxdn5i54ppy/public_html/customer.shree-hari.xyz/yii/framework/base/CApplication.php(185): CWebApplication->processRequest()
#2 /home/gmxdn5i54ppy/public_html/customer.shree-hari.xyz/index.php(17): CApplication->run()
#3 {main}
REQUEST_URI=/robots.txt
---
2025/12/22 23:36:49 [error] [exception.CHttpException.404] exception 'CHttpException' with message 'Unable to resolve the request "robots.txt".' in /home/gmxdn5i54ppy/public_html/customer.shree-hari.xyz/yii/framework/web/CWebApplication.php:286
Stack trace:
#0 /home/gmxdn5i54ppy/public_html/customer.shree-hari.xyz/yii/framework/web/CWebApplication.php(141): CWebApplication->runController('robots.txt')
#1 /home/gmxdn5i54ppy/public_html/customer.shree-hari.xyz/yii/framework/base/CApplication.php(185): CWebApplication->processRequest()
#2 /home/gmxdn5i54ppy/public_html/customer.shree-hari.xyz/index.php(17): CApplication->run()
#3 {main}
REQUEST_URI=/robots.txt
---
2026/01/12 20:22:57 [error] [exception.CHttpException.404] exception 'CHttpException' with message 'Unable to resolve the request "robots.txt".' in /home/gmxdn5i54ppy/public_html/customer.shree-hari.xyz/yii/framework/web/CWebApplication.php:286
Stack trace:
#0 /home/gmxdn5i54ppy/public_html/customer.shree-hari.xyz/yii/framework/web/CWebApplication.php(141): CWebApplication->runController('robots.txt')
#1 /home/gmxdn5i54ppy/public_html/customer.shree-hari.xyz/yii/framework/base/CApplication.php(185): CWebApplication->processRequest()
#2 /home/gmxdn5i54ppy/public_html/customer.shree-hari.xyz/index.php(17): CApplication->run()
#3 {main}
REQUEST_URI=/robots.txt
---
2026/01/28 05:49:54 [error] [exception.CHttpException.404] CHttpException: Unable to resolve the request "list_supplier". in C:\laragon\www\demo\hari\yii-1\framework\web\CWebApplication.php:286
Stack trace:
#0 C:\laragon\www\demo\hari\yii-1\framework\web\CWebApplication.php(141): CWebApplication->runController('list_supplier')
#1 C:\laragon\www\demo\hari\yii-1\framework\base\CApplication.php(185): CWebApplication->processRequest()
#2 C:\laragon\www\demo\hari\customer\index.php(17): CApplication->run()
#3 {main}
REQUEST_URI=/hari/customer/list_supplier
HTTP_REFERER=http://demo.local/hari/cashevent/admin
---
2026/01/28 05:50:55 [error] [exception.CHttpException.404] CHttpException: Unable to resolve the request "list_supplier". in C:\laragon\www\demo\hari\yii-1\framework\web\CWebApplication.php:286
Stack trace:
#0 C:\laragon\www\demo\hari\yii-1\framework\web\CWebApplication.php(141): CWebApplication->runController('list_supplier')
#1 C:\laragon\www\demo\hari\yii-1\framework\base\CApplication.php(185): CWebApplication->processRequest()
#2 C:\laragon\www\demo\hari\customer\index.php(17): CApplication->run()
#3 {main}
REQUEST_URI=/hari/customer/list_supplier
HTTP_REFERER=http://demo.local/hari/cashevent/admin
---
2026/01/28 05:59:22 [error] [exception.CHttpException.404] CHttpException: Unable to resolve the request "list_supplier". in C:\laragon\www\demo\hari\yii-1\framework\web\CWebApplication.php:286
Stack trace:
#0 C:\laragon\www\demo\hari\yii-1\framework\web\CWebApplication.php(141): CWebApplication->runController('list_supplier')
#1 C:\laragon\www\demo\hari\yii-1\framework\base\CApplication.php(185): CWebApplication->processRequest()
#2 C:\laragon\www\demo\hari\customer\index.php(17): CApplication->run()
#3 {main}
REQUEST_URI=/hari/customer/list_supplier
HTTP_REFERER=http://demo.local/hari/cashevent/admin
---
2026/01/28 05:59:25 [error] [exception.CHttpException.404] CHttpException: Unable to resolve the request "list_customer". in C:\laragon\www\demo\hari\yii-1\framework\web\CWebApplication.php:286
Stack trace:
#0 C:\laragon\www\demo\hari\yii-1\framework\web\CWebApplication.php(141): CWebApplication->runController('list_customer')
#1 C:\laragon\www\demo\hari\yii-1\framework\base\CApplication.php(185): CWebApplication->processRequest()
#2 C:\laragon\www\demo\hari\customer\index.php(17): CApplication->run()
#3 {main}
REQUEST_URI=/hari/customer/list_customer
HTTP_REFERER=http://demo.local/hari/cashevent/admin
---
